<?xml version="1.0" encoding="UTF-8"?>
<!-- Generated by org.testng.reporters.JUnitXMLReporter -->
<testsuite ignored="1" hostname="Best-Komp" failures="0" tests="8" name="TestNG" time="0.053" errors="0" timestamp="2023-05-10T23:14:30 ALMT">
  <testcase classname="com.automation.testcases.DataDrivenTest" name="verifyLoginUnsuccessfulWithInvalidCredentials" time="0.006"/>
  <testcase classname="com.automation.testcases.DataDrivenTest" name="verifyLoginUnsuccessfulWithInvalidCredentials" time="0.001"/>
  <testcase classname="com.automation.testcases.DataDrivenTest" name="verifyLoginUnsuccessfulWithInvalidCredentials" time="0.0"/>
  <testcase classname="com.automation.testcases.DataDrivenTest" name="verifyLoginUnsuccessfulWithInvalidCredentials" time="0.0"/>
  <testcase classname="com.automation.testcases.DataDrivenTest" name="verifyLoginUnsuccessfulWithInvalidCredentials" time="0.0"/>
  <testcase classname="com.automation.testcases.DataDrivenTest" name="verifyLoginUnsuccessfulWithInvalidCredentials" time="0.001"/>
  <testcase classname="com.automation.testcases.DataDrivenTest" name="verifyLoginUnsuccessfulWithInvalidCredentials" time="0.001"/>
  <testcase classname="com.automation.testcases.DataDrivenTest" name="verifyLoginUnsuccessfulWithInvalidCredentials" time="0.001"/>
  <testcase classname="com.automation.testcases.DataDrivenTest" name="verifyLoginSuccessfulWithValidCredentials" time="0.0">
    <ignored/>
  </testcase> <!-- verifyLoginSuccessfulWithValidCredentials -->
</testsuite> <!-- TestNG -->
