<?xml version="1.0" encoding="UTF-8"?>
<!-- Generated by org.testng.reporters.JUnitXMLReporter -->
<testsuite ignored="0" hostname="Best-Komp" failures="0" tests="3" name="loginTest" time="0.029" errors="0" timestamp="2023-05-10T22:33:47 ALMT">
  <testcase classname="com.automation.testcases.LoginTest" name="verifyUserCanResetLogin" time="0.003"/>
  <testcase classname="com.automation.testcases.LoginTest" name="verifyUserCanNotWithInvalidCredetionalsLogin" time="0.002"/>
  <testcase classname="com.automation.testcases.LoginTest" name="verifyUserCanLogin" time="0.003"/>
</testsuite> <!-- loginTest -->
